<?xml version="1.0" encoding="UTF-8"?>
<testng-results ignored="0" total="1" passed="1" failed="0" skipped="0">
  <reporter-output>
  </reporter-output>
  <suite started-at="2025-02-28T01:07:25 IST" name="Default suite" finished-at="2025-02-28T01:07:25 IST" duration-ms="100">
    <groups>
    </groups>
    <test started-at="2025-02-28T01:07:25 IST" name="Default test" finished-at="2025-02-28T01:07:25 IST" duration-ms="100">
      <class name="com.OrangeHRM.TSS.Dashboard.AdminTest">
        <test-method signature="getAdminTest()[pri:0, instance:com.OrangeHRM.TSS.Dashboard.AdminTest@4686afc2]" started-at="2025-02-28T01:07:25 IST" name="getAdminTest" finished-at="2025-02-28T01:07:25 IST" duration-ms="16" status="PASS">
          <reporter-output>
          </reporter-output>
        </test-method> <!-- getAdminTest -->
      </class> <!-- com.OrangeHRM.TSS.Dashboard.AdminTest -->
    </test> <!-- Default test -->
  </suite> <!-- Default suite -->
</testng-results>
